<?xml version="1.0" encoding="UTF-8"?>
<testng-results ignored="0" total="3" passed="1" failed="2" skipped="0">
  <reporter-output>
  </reporter-output>
  <suite started-at="2022-06-21T10:36:54 WAT" name="Default suite" finished-at="2022-06-21T10:37:43 WAT" duration-ms="48833">
    <groups>
    </groups>
    <test started-at="2022-06-21T10:36:54 WAT" name="Default test" finished-at="2022-06-21T10:37:43 WAT" duration-ms="48833">
      <class name="RechercheWithFiltersStepDef.RechercheWithFiltersStepDef">
        <test-method is-config="true" signature="je_suis_dans_MyTek()[pri:0, instance:RechercheWithFiltersStepDef.RechercheWithFiltersStepDef@290222c1]" started-at="2022-06-21T10:36:54 WAT" name="je_suis_dans_MyTek" finished-at="2022-06-21T10:37:00 WAT" duration-ms="6550" status="PASS">
          <reporter-output>
          </reporter-output>
        </test-method> <!-- je_suis_dans_MyTek -->
        <test-method signature="je_clique_sur_le_type_de_l_article_PC_Portable()[pri:2, instance:RechercheWithFiltersStepDef.RechercheWithFiltersStepDef@290222c1]" started-at="2022-06-21T10:37:00 WAT" name="je_clique_sur_le_type_de_l_article_PC_Portable" finished-at="2022-06-21T10:37:04 WAT" duration-ms="4129" status="PASS">
          <reporter-output>
          </reporter-output>
        </test-method> <!-- je_clique_sur_le_type_de_l_article_PC_Portable -->
        <test-method is-config="true" signature="je_suis_dans_MyTek()[pri:0, instance:RechercheWithFiltersStepDef.RechercheWithFiltersStepDef@290222c1]" started-at="2022-06-21T10:37:04 WAT" name="je_suis_dans_MyTek" finished-at="2022-06-21T10:37:14 WAT" duration-ms="9834" status="PASS">
          <reporter-output>
          </reporter-output>
        </test-method> <!-- je_suis_dans_MyTek -->
        <test-method signature="je_choisis_le_filtre()[pri:3, instance:RechercheWithFiltersStepDef.RechercheWithFiltersStepDef@290222c1]" started-at="2022-06-21T10:37:14 WAT" name="je_choisis_le_filtre" finished-at="2022-06-21T10:37:27 WAT" duration-ms="12917" status="FAIL">
          <exception class="org.openqa.selenium.NoSuchElementException">
            <message>
              <![CDATA[Unable to find element with locator By.xpath: //div[2][contains(@role,'presentation')]
For documentation on this error, please visit: https://selenium.dev/exceptions/#no_such_element
Build info: version: '4.0.0', revision: '3a21814679'
System info: host: 'TALAN-OKCHBNQ', ip: '10.70.0.193', os.name: 'Windows 10', os.arch: 'amd64', os.version: '10.0', java.version: '18.0.1'
Driver info: driver.version: RemoteWebDriver]]>
            </message>
            <full-stacktrace>
              <![CDATA[org.openqa.selenium.NoSuchElementException: Unable to find element with locator By.xpath: //div[2][contains(@role,'presentation')]
For documentation on this error, please visit: https://selenium.dev/exceptions/#no_such_element
Build info: version: '4.0.0', revision: '3a21814679'
System info: host: 'TALAN-OKCHBNQ', ip: '10.70.0.193', os.name: 'Windows 10', os.arch: 'amd64', os.version: '10.0', java.version: '18.0.1'
Driver info: driver.version: RemoteWebDriver
at org.openqa.selenium.remote.ElementLocation$ElementFinder$2.findElement(ElementLocation.java:165)
at org.openqa.selenium.remote.ElementLocation.findElement(ElementLocation.java:60)
at org.openqa.selenium.remote.RemoteWebDriver.findElement(RemoteWebDriver.java:383)
at org.openqa.selenium.remote.RemoteWebDriver.findElement(RemoteWebDriver.java:375)
at RechercheWithFilterPage.RechercheWithFiltersPage.SelectitemsUsingMarqueFilters(RechercheWithFiltersPage.java:41)
at RechercheWithFiltersStepDef.RechercheWithFiltersStepDef.je_choisis_le_filtre(RechercheWithFiltersStepDef.java:33)
at java.base/jdk.internal.reflect.DirectMethodHandleAccessor.invoke(DirectMethodHandleAccessor.java:104)
at java.base/java.lang.reflect.Method.invoke(Method.java:577)
at org.testng.internal.MethodInvocationHelper.invokeMethod(MethodInvocationHelper.java:133)
at org.testng.internal.TestInvoker.invokeMethod(TestInvoker.java:598)
at org.testng.internal.TestInvoker.invokeTestMethod(TestInvoker.java:173)
at org.testng.internal.MethodRunner.runInSequence(MethodRunner.java:46)
at org.testng.internal.TestInvoker$MethodInvocationAgent.invoke(TestInvoker.java:824)
at org.testng.internal.TestInvoker.invokeTestMethods(TestInvoker.java:146)
at org.testng.internal.TestMethodWorker.invokeTestMethods(TestMethodWorker.java:146)
at org.testng.internal.TestMethodWorker.run(TestMethodWorker.java:128)
at java.base/java.util.ArrayList.forEach(ArrayList.java:1511)
at org.testng.TestRunner.privateRun(TestRunner.java:794)
at org.testng.TestRunner.run(TestRunner.java:596)
at org.testng.SuiteRunner.runTest(SuiteRunner.java:377)
at org.testng.SuiteRunner.runSequentially(SuiteRunner.java:371)
at org.testng.SuiteRunner.privateRun(SuiteRunner.java:332)
at org.testng.SuiteRunner.run(SuiteRunner.java:276)
at org.testng.SuiteRunnerWorker.runSuite(SuiteRunnerWorker.java:53)
at org.testng.SuiteRunnerWorker.run(SuiteRunnerWorker.java:96)
at org.testng.TestNG.runSuitesSequentially(TestNG.java:1212)
at org.testng.TestNG.runSuitesLocally(TestNG.java:1134)
at org.testng.TestNG.runSuites(TestNG.java:1063)
at org.testng.TestNG.run(TestNG.java:1031)
at org.testng.remote.AbstractRemoteTestNG.run(AbstractRemoteTestNG.java:115)
at org.testng.remote.RemoteTestNG.initAndRun(RemoteTestNG.java:251)
at org.testng.remote.RemoteTestNG.main(RemoteTestNG.java:77)
]]>
            </full-stacktrace>
          </exception> <!-- org.openqa.selenium.NoSuchElementException -->
          <reporter-output>
          </reporter-output>
        </test-method> <!-- je_choisis_le_filtre -->
        <test-method is-config="true" signature="je_suis_dans_MyTek()[pri:0, instance:RechercheWithFiltersStepDef.RechercheWithFiltersStepDef@290222c1]" started-at="2022-06-21T10:37:27 WAT" name="je_suis_dans_MyTek" finished-at="2022-06-21T10:37:33 WAT" duration-ms="6084" status="PASS">
          <reporter-output>
          </reporter-output>
        </test-method> <!-- je_suis_dans_MyTek -->
        <test-method signature="seulement_les_articles_en_relation_avec_ce_filtre_doivent_s_afficher()[pri:4, instance:RechercheWithFiltersStepDef.RechercheWithFiltersStepDef@290222c1]" started-at="2022-06-21T10:37:33 WAT" name="seulement_les_articles_en_relation_avec_ce_filtre_doivent_s_afficher" finished-at="2022-06-21T10:37:43 WAT" duration-ms="9277" status="FAIL">
          <exception class="org.openqa.selenium.NoSuchElementException">
            <message>
              <![CDATA[Unable to find element with locator By.id: limiter
For documentation on this error, please visit: https://selenium.dev/exceptions/#no_such_element
Build info: version: '4.0.0', revision: '3a21814679'
System info: host: 'TALAN-OKCHBNQ', ip: '10.70.0.193', os.name: 'Windows 10', os.arch: 'amd64', os.version: '10.0', java.version: '18.0.1'
Driver info: driver.version: RemoteWebDriver]]>
            </message>
            <full-stacktrace>
              <![CDATA[org.openqa.selenium.NoSuchElementException: Unable to find element with locator By.id: limiter
For documentation on this error, please visit: https://selenium.dev/exceptions/#no_such_element
Build info: version: '4.0.0', revision: '3a21814679'
System info: host: 'TALAN-OKCHBNQ', ip: '10.70.0.193', os.name: 'Windows 10', os.arch: 'amd64', os.version: '10.0', java.version: '18.0.1'
Driver info: driver.version: RemoteWebDriver
at org.openqa.selenium.remote.ElementLocation$ElementFinder$2.findElement(ElementLocation.java:165)
at org.openqa.selenium.remote.ElementLocation.findElement(ElementLocation.java:66)
at org.openqa.selenium.remote.RemoteWebDriver.findElement(RemoteWebDriver.java:383)
at org.openqa.selenium.remote.RemoteWebDriver.findElement(RemoteWebDriver.java:375)
at RechercheWithFilterPage.RechercheWithFiltersPage.VerifyFilter(RechercheWithFiltersPage.java:50)
at RechercheWithFiltersStepDef.RechercheWithFiltersStepDef.seulement_les_articles_en_relation_avec_ce_filtre_doivent_s_afficher(RechercheWithFiltersStepDef.java:38)
at java.base/jdk.internal.reflect.DirectMethodHandleAccessor.invoke(DirectMethodHandleAccessor.java:104)
at java.base/java.lang.reflect.Method.invoke(Method.java:577)
at org.testng.internal.MethodInvocationHelper.invokeMethod(MethodInvocationHelper.java:133)
at org.testng.internal.TestInvoker.invokeMethod(TestInvoker.java:598)
at org.testng.internal.TestInvoker.invokeTestMethod(TestInvoker.java:173)
at org.testng.internal.MethodRunner.runInSequence(MethodRunner.java:46)
at org.testng.internal.TestInvoker$MethodInvocationAgent.invoke(TestInvoker.java:824)
at org.testng.internal.TestInvoker.invokeTestMethods(TestInvoker.java:146)
at org.testng.internal.TestMethodWorker.invokeTestMethods(TestMethodWorker.java:146)
at org.testng.internal.TestMethodWorker.run(TestMethodWorker.java:128)
at java.base/java.util.ArrayList.forEach(ArrayList.java:1511)
at org.testng.TestRunner.privateRun(TestRunner.java:794)
at org.testng.TestRunner.run(TestRunner.java:596)
at org.testng.SuiteRunner.runTest(SuiteRunner.java:377)
at org.testng.SuiteRunner.runSequentially(SuiteRunner.java:371)
at org.testng.SuiteRunner.privateRun(SuiteRunner.java:332)
at org.testng.SuiteRunner.run(SuiteRunner.java:276)
at org.testng.SuiteRunnerWorker.runSuite(SuiteRunnerWorker.java:53)
at org.testng.SuiteRunnerWorker.run(SuiteRunnerWorker.java:96)
at org.testng.TestNG.runSuitesSequentially(TestNG.java:1212)
at org.testng.TestNG.runSuitesLocally(TestNG.java:1134)
at org.testng.TestNG.runSuites(TestNG.java:1063)
at org.testng.TestNG.run(TestNG.java:1031)
at org.testng.remote.AbstractRemoteTestNG.run(AbstractRemoteTestNG.java:115)
at org.testng.remote.RemoteTestNG.initAndRun(RemoteTestNG.java:251)
at org.testng.remote.RemoteTestNG.main(RemoteTestNG.java:77)
]]>
            </full-stacktrace>
          </exception> <!-- org.openqa.selenium.NoSuchElementException -->
          <reporter-output>
          </reporter-output>
        </test-method> <!-- seulement_les_articles_en_relation_avec_ce_filtre_doivent_s_afficher -->
      </class> <!-- RechercheWithFiltersStepDef.RechercheWithFiltersStepDef -->
    </test> <!-- Default test -->
  </suite> <!-- Default suite -->
</testng-results>
